d:\uni\semester2\1.oop\workspace\laboratory5-6\laboratory5-6\debug\laboratory5-6.pch
d:\uni\semester2\1.oop\workspace\laboratory5-6\laboratory5-6\debug\vc140.pdb
d:\uni\semester2\1.oop\workspace\laboratory5-6\laboratory5-6\debug\vc140.idb
d:\uni\semester2\1.oop\workspace\laboratory5-6\laboratory5-6\debug\stdafx.obj
d:\uni\semester2\1.oop\workspace\laboratory5-6\laboratory5-6\debug\dynamicvector.obj
d:\uni\semester2\1.oop\workspace\laboratory5-6\laboratory5-6\debug\repository.obj
d:\uni\semester2\1.oop\workspace\laboratory5-6\laboratory5-6\debug\console.obj
d:\uni\semester2\1.oop\workspace\laboratory5-6\laboratory5-6\debug\controller.obj
d:\uni\semester2\1.oop\workspace\laboratory5-6\laboratory5-6\debug\tests.obj
d:\uni\semester2\1.oop\workspace\laboratory5-6\laboratory5-6\debug\laboratory5-6.obj
d:\uni\semester2\1.oop\workspace\laboratory5-6\laboratory5-6\debug\bottle.obj
d:\uni\semester2\1.oop\workspace\laboratory5-6\debug\laboratory5-6.ilk
d:\uni\semester2\1.oop\workspace\laboratory5-6\debug\laboratory5-6.exe
d:\uni\semester2\1.oop\workspace\laboratory5-6\debug\laboratory5-6.pdb
d:\uni\semester2\1.oop\workspace\laboratory5-6\laboratory5-6\debug\console.obj.enc
d:\uni\semester2\1.oop\workspace\laboratory5-6\laboratory5-6\debug\laboratory5-6.obj.enc
d:\uni\semester2\1.oop\workspace\laboratory5-6\laboratory5-6\debug\laboratory5-6.tlog\cl.command.1.tlog
d:\uni\semester2\1.oop\workspace\laboratory5-6\laboratory5-6\debug\laboratory5-6.tlog\cl.read.1.tlog
d:\uni\semester2\1.oop\workspace\laboratory5-6\laboratory5-6\debug\laboratory5-6.tlog\cl.write.1.tlog
d:\uni\semester2\1.oop\workspace\laboratory5-6\laboratory5-6\debug\laboratory5-6.tlog\link.command.1.tlog
d:\uni\semester2\1.oop\workspace\laboratory5-6\laboratory5-6\debug\laboratory5-6.tlog\link.read.1.tlog
d:\uni\semester2\1.oop\workspace\laboratory5-6\laboratory5-6\debug\laboratory5-6.tlog\link.write.1.tlog
